<?xml version="1.0" encoding="UTF-8"?>
<!-- Generated by org.testng.reporters.JUnitReportReporter -->
<testsuite hostname="LAPTOP-O2PBLEOG" failures="0" tests="6" name="testCases.TC_003_LoginDDT" time="35.657" errors="0" timestamp="2024-10-24T10:12:23 IST" skipped="0">
  <testcase classname="testCases.TC_003_LoginDDT" name="verify_loginDDT" time="3.111"/>
  <testcase classname="testCases.TC_003_LoginDDT" name="verify_loginDDT" time="3.282"/>
  <testcase classname="testCases.TC_003_LoginDDT" name="verify_loginDDT" time="11.557"/>
  <testcase classname="testCases.TC_003_LoginDDT" name="verify_loginDDT" time="3.133"/>
  <testcase classname="testCases.TC_003_LoginDDT" name="verify_loginDDT" time="2.638"/>
  <testcase classname="testCases.TC_003_LoginDDT" name="verify_loginDDT" time="11.936"/>
</testsuite> <!-- testCases.TC_003_LoginDDT -->
